ARM GAS  /tmp/ccYuFHfW.s 			page 1


   1              		.cpu cortex-m7
   2              		.arch armv7e-m
   3              		.fpu fpv4-sp-d16
   4              		.eabi_attribute 27, 1
   5              		.eabi_attribute 28, 1
   6              		.eabi_attribute 20, 1
   7              		.eabi_attribute 21, 1
   8              		.eabi_attribute 23, 3
   9              		.eabi_attribute 24, 1
  10              		.eabi_attribute 25, 1
  11              		.eabi_attribute 26, 1
  12              		.eabi_attribute 30, 1
  13              		.eabi_attribute 34, 1
  14              		.eabi_attribute 18, 4
  15              		.file	"stm32h7xx_it.c"
  16              		.text
  17              	.Ltext0:
  18              		.cfi_sections	.debug_frame
  19              		.file 1 "../../CM4/Core/Src/stm32h7xx_it.c"
  20              		.section	.text.NMI_Handler,"ax",%progbits
  21              		.align	1
  22              		.global	NMI_Handler
  23              		.syntax unified
  24              		.thumb
  25              		.thumb_func
  27              	NMI_Handler:
  28              	.LFB132:
   1:../../CM4/Core/Src/stm32h7xx_it.c **** /* USER CODE BEGIN Header */
   2:../../CM4/Core/Src/stm32h7xx_it.c **** /**
   3:../../CM4/Core/Src/stm32h7xx_it.c ****   ******************************************************************************
   4:../../CM4/Core/Src/stm32h7xx_it.c ****   * @file    stm32h7xx_it.c
   5:../../CM4/Core/Src/stm32h7xx_it.c ****   * @brief   Interrupt Service Routines.
   6:../../CM4/Core/Src/stm32h7xx_it.c ****   ******************************************************************************
   7:../../CM4/Core/Src/stm32h7xx_it.c ****   * @attention
   8:../../CM4/Core/Src/stm32h7xx_it.c ****   *
   9:../../CM4/Core/Src/stm32h7xx_it.c ****   * Copyright (c) 2023 STMicroelectronics.
  10:../../CM4/Core/Src/stm32h7xx_it.c ****   * All rights reserved.
  11:../../CM4/Core/Src/stm32h7xx_it.c ****   *
  12:../../CM4/Core/Src/stm32h7xx_it.c ****   * This software is licensed under terms that can be found in the LICENSE file
  13:../../CM4/Core/Src/stm32h7xx_it.c ****   * in the root directory of this software component.
  14:../../CM4/Core/Src/stm32h7xx_it.c ****   * If no LICENSE file comes with this software, it is provided AS-IS.
  15:../../CM4/Core/Src/stm32h7xx_it.c ****   *
  16:../../CM4/Core/Src/stm32h7xx_it.c ****   ******************************************************************************
  17:../../CM4/Core/Src/stm32h7xx_it.c ****   */
  18:../../CM4/Core/Src/stm32h7xx_it.c **** /* USER CODE END Header */
  19:../../CM4/Core/Src/stm32h7xx_it.c **** 
  20:../../CM4/Core/Src/stm32h7xx_it.c **** /* Includes ------------------------------------------------------------------*/
  21:../../CM4/Core/Src/stm32h7xx_it.c **** #include "main.h"
  22:../../CM4/Core/Src/stm32h7xx_it.c **** #include "stm32h7xx_it.h"
  23:../../CM4/Core/Src/stm32h7xx_it.c **** /* Private includes ----------------------------------------------------------*/
  24:../../CM4/Core/Src/stm32h7xx_it.c **** /* USER CODE BEGIN Includes */
  25:../../CM4/Core/Src/stm32h7xx_it.c **** /* USER CODE END Includes */
  26:../../CM4/Core/Src/stm32h7xx_it.c **** 
  27:../../CM4/Core/Src/stm32h7xx_it.c **** /* Private typedef -----------------------------------------------------------*/
  28:../../CM4/Core/Src/stm32h7xx_it.c **** /* USER CODE BEGIN TD */
  29:../../CM4/Core/Src/stm32h7xx_it.c **** 
  30:../../CM4/Core/Src/stm32h7xx_it.c **** /* USER CODE END TD */
ARM GAS  /tmp/ccYuFHfW.s 			page 2


  31:../../CM4/Core/Src/stm32h7xx_it.c **** 
  32:../../CM4/Core/Src/stm32h7xx_it.c **** /* Private define ------------------------------------------------------------*/
  33:../../CM4/Core/Src/stm32h7xx_it.c **** /* USER CODE BEGIN PD */
  34:../../CM4/Core/Src/stm32h7xx_it.c **** 
  35:../../CM4/Core/Src/stm32h7xx_it.c **** /* USER CODE END PD */
  36:../../CM4/Core/Src/stm32h7xx_it.c **** 
  37:../../CM4/Core/Src/stm32h7xx_it.c **** /* Private macro -------------------------------------------------------------*/
  38:../../CM4/Core/Src/stm32h7xx_it.c **** /* USER CODE BEGIN PM */
  39:../../CM4/Core/Src/stm32h7xx_it.c **** 
  40:../../CM4/Core/Src/stm32h7xx_it.c **** /* USER CODE END PM */
  41:../../CM4/Core/Src/stm32h7xx_it.c **** 
  42:../../CM4/Core/Src/stm32h7xx_it.c **** /* Private variables ---------------------------------------------------------*/
  43:../../CM4/Core/Src/stm32h7xx_it.c **** /* USER CODE BEGIN PV */
  44:../../CM4/Core/Src/stm32h7xx_it.c **** 
  45:../../CM4/Core/Src/stm32h7xx_it.c **** /* USER CODE END PV */
  46:../../CM4/Core/Src/stm32h7xx_it.c **** 
  47:../../CM4/Core/Src/stm32h7xx_it.c **** /* Private function prototypes -----------------------------------------------*/
  48:../../CM4/Core/Src/stm32h7xx_it.c **** /* USER CODE BEGIN PFP */
  49:../../CM4/Core/Src/stm32h7xx_it.c **** 
  50:../../CM4/Core/Src/stm32h7xx_it.c **** /* USER CODE END PFP */
  51:../../CM4/Core/Src/stm32h7xx_it.c **** 
  52:../../CM4/Core/Src/stm32h7xx_it.c **** /* Private user code ---------------------------------------------------------*/
  53:../../CM4/Core/Src/stm32h7xx_it.c **** /* USER CODE BEGIN 0 */
  54:../../CM4/Core/Src/stm32h7xx_it.c **** 
  55:../../CM4/Core/Src/stm32h7xx_it.c **** /* USER CODE END 0 */
  56:../../CM4/Core/Src/stm32h7xx_it.c **** 
  57:../../CM4/Core/Src/stm32h7xx_it.c **** /* External variables --------------------------------------------------------*/
  58:../../CM4/Core/Src/stm32h7xx_it.c **** 
  59:../../CM4/Core/Src/stm32h7xx_it.c **** /* USER CODE BEGIN EV */
  60:../../CM4/Core/Src/stm32h7xx_it.c **** 
  61:../../CM4/Core/Src/stm32h7xx_it.c **** /* USER CODE END EV */
  62:../../CM4/Core/Src/stm32h7xx_it.c **** 
  63:../../CM4/Core/Src/stm32h7xx_it.c **** /******************************************************************************/
  64:../../CM4/Core/Src/stm32h7xx_it.c **** /*           Cortex Processor Interruption and Exception Handlers          */
  65:../../CM4/Core/Src/stm32h7xx_it.c **** /******************************************************************************/
  66:../../CM4/Core/Src/stm32h7xx_it.c **** /**
  67:../../CM4/Core/Src/stm32h7xx_it.c ****   * @brief This function handles Non maskable interrupt.
  68:../../CM4/Core/Src/stm32h7xx_it.c ****   */
  69:../../CM4/Core/Src/stm32h7xx_it.c **** void NMI_Handler(void)
  70:../../CM4/Core/Src/stm32h7xx_it.c **** {
  29              		.loc 1 70 1 view -0
  30              		.cfi_startproc
  31              		@ Volatile: function does not return.
  32              		@ args = 0, pretend = 0, frame = 0
  33              		@ frame_needed = 0, uses_anonymous_args = 0
  34              		@ link register save eliminated.
  35              	.L2:
  71:../../CM4/Core/Src/stm32h7xx_it.c ****   /* USER CODE BEGIN NonMaskableInt_IRQn 0 */
  72:../../CM4/Core/Src/stm32h7xx_it.c **** 
  73:../../CM4/Core/Src/stm32h7xx_it.c ****   /* USER CODE END NonMaskableInt_IRQn 0 */
  74:../../CM4/Core/Src/stm32h7xx_it.c ****   /* USER CODE BEGIN NonMaskableInt_IRQn 1 */
  75:../../CM4/Core/Src/stm32h7xx_it.c ****    while (1)
  36              		.loc 1 75 4 view .LVU1
  76:../../CM4/Core/Src/stm32h7xx_it.c ****   {
  77:../../CM4/Core/Src/stm32h7xx_it.c ****   }
  37              		.loc 1 77 3 view .LVU2
  75:../../CM4/Core/Src/stm32h7xx_it.c ****   {
ARM GAS  /tmp/ccYuFHfW.s 			page 3


  38              		.loc 1 75 10 view .LVU3
  39 0000 FEE7     		b	.L2
  40              		.cfi_endproc
  41              	.LFE132:
  43              		.section	.text.HardFault_Handler,"ax",%progbits
  44              		.align	1
  45              		.global	HardFault_Handler
  46              		.syntax unified
  47              		.thumb
  48              		.thumb_func
  50              	HardFault_Handler:
  51              	.LFB133:
  78:../../CM4/Core/Src/stm32h7xx_it.c ****   /* USER CODE END NonMaskableInt_IRQn 1 */
  79:../../CM4/Core/Src/stm32h7xx_it.c **** }
  80:../../CM4/Core/Src/stm32h7xx_it.c **** 
  81:../../CM4/Core/Src/stm32h7xx_it.c **** /**
  82:../../CM4/Core/Src/stm32h7xx_it.c ****   * @brief This function handles Hard fault interrupt.
  83:../../CM4/Core/Src/stm32h7xx_it.c ****   */
  84:../../CM4/Core/Src/stm32h7xx_it.c **** void HardFault_Handler(void)
  85:../../CM4/Core/Src/stm32h7xx_it.c **** {
  52              		.loc 1 85 1 view -0
  53              		.cfi_startproc
  54              		@ Volatile: function does not return.
  55              		@ args = 0, pretend = 0, frame = 0
  56              		@ frame_needed = 0, uses_anonymous_args = 0
  57              		@ link register save eliminated.
  58              	.L4:
  86:../../CM4/Core/Src/stm32h7xx_it.c ****   /* USER CODE BEGIN HardFault_IRQn 0 */
  87:../../CM4/Core/Src/stm32h7xx_it.c **** 
  88:../../CM4/Core/Src/stm32h7xx_it.c ****   /* USER CODE END HardFault_IRQn 0 */
  89:../../CM4/Core/Src/stm32h7xx_it.c ****   while (1)
  59              		.loc 1 89 3 view .LVU5
  90:../../CM4/Core/Src/stm32h7xx_it.c ****   {
  91:../../CM4/Core/Src/stm32h7xx_it.c ****     /* USER CODE BEGIN W1_HardFault_IRQn 0 */
  92:../../CM4/Core/Src/stm32h7xx_it.c ****     /* USER CODE END W1_HardFault_IRQn 0 */
  93:../../CM4/Core/Src/stm32h7xx_it.c ****   }
  60              		.loc 1 93 3 view .LVU6
  89:../../CM4/Core/Src/stm32h7xx_it.c ****   {
  61              		.loc 1 89 9 view .LVU7
  62 0000 FEE7     		b	.L4
  63              		.cfi_endproc
  64              	.LFE133:
  66              		.section	.text.MemManage_Handler,"ax",%progbits
  67              		.align	1
  68              		.global	MemManage_Handler
  69              		.syntax unified
  70              		.thumb
  71              		.thumb_func
  73              	MemManage_Handler:
  74              	.LFB134:
  94:../../CM4/Core/Src/stm32h7xx_it.c **** }
  95:../../CM4/Core/Src/stm32h7xx_it.c **** 
  96:../../CM4/Core/Src/stm32h7xx_it.c **** /**
  97:../../CM4/Core/Src/stm32h7xx_it.c ****   * @brief This function handles Memory management fault.
  98:../../CM4/Core/Src/stm32h7xx_it.c ****   */
  99:../../CM4/Core/Src/stm32h7xx_it.c **** void MemManage_Handler(void)
 100:../../CM4/Core/Src/stm32h7xx_it.c **** {
ARM GAS  /tmp/ccYuFHfW.s 			page 4


  75              		.loc 1 100 1 view -0
  76              		.cfi_startproc
  77              		@ Volatile: function does not return.
  78              		@ args = 0, pretend = 0, frame = 0
  79              		@ frame_needed = 0, uses_anonymous_args = 0
  80              		@ link register save eliminated.
  81              	.L6:
 101:../../CM4/Core/Src/stm32h7xx_it.c ****   /* USER CODE BEGIN MemoryManagement_IRQn 0 */
 102:../../CM4/Core/Src/stm32h7xx_it.c **** 
 103:../../CM4/Core/Src/stm32h7xx_it.c ****   /* USER CODE END MemoryManagement_IRQn 0 */
 104:../../CM4/Core/Src/stm32h7xx_it.c ****   while (1)
  82              		.loc 1 104 3 view .LVU9
 105:../../CM4/Core/Src/stm32h7xx_it.c ****   {
 106:../../CM4/Core/Src/stm32h7xx_it.c ****     /* USER CODE BEGIN W1_MemoryManagement_IRQn 0 */
 107:../../CM4/Core/Src/stm32h7xx_it.c ****     /* USER CODE END W1_MemoryManagement_IRQn 0 */
 108:../../CM4/Core/Src/stm32h7xx_it.c ****   }
  83              		.loc 1 108 3 view .LVU10
 104:../../CM4/Core/Src/stm32h7xx_it.c ****   {
  84              		.loc 1 104 9 view .LVU11
  85 0000 FEE7     		b	.L6
  86              		.cfi_endproc
  87              	.LFE134:
  89              		.section	.text.BusFault_Handler,"ax",%progbits
  90              		.align	1
  91              		.global	BusFault_Handler
  92              		.syntax unified
  93              		.thumb
  94              		.thumb_func
  96              	BusFault_Handler:
  97              	.LFB135:
 109:../../CM4/Core/Src/stm32h7xx_it.c **** }
 110:../../CM4/Core/Src/stm32h7xx_it.c **** 
 111:../../CM4/Core/Src/stm32h7xx_it.c **** /**
 112:../../CM4/Core/Src/stm32h7xx_it.c ****   * @brief This function handles Pre-fetch fault, memory access fault.
 113:../../CM4/Core/Src/stm32h7xx_it.c ****   */
 114:../../CM4/Core/Src/stm32h7xx_it.c **** void BusFault_Handler(void)
 115:../../CM4/Core/Src/stm32h7xx_it.c **** {
  98              		.loc 1 115 1 view -0
  99              		.cfi_startproc
 100              		@ Volatile: function does not return.
 101              		@ args = 0, pretend = 0, frame = 0
 102              		@ frame_needed = 0, uses_anonymous_args = 0
 103              		@ link register save eliminated.
 104              	.L8:
 116:../../CM4/Core/Src/stm32h7xx_it.c ****   /* USER CODE BEGIN BusFault_IRQn 0 */
 117:../../CM4/Core/Src/stm32h7xx_it.c **** 
 118:../../CM4/Core/Src/stm32h7xx_it.c ****   /* USER CODE END BusFault_IRQn 0 */
 119:../../CM4/Core/Src/stm32h7xx_it.c ****   while (1)
 105              		.loc 1 119 3 view .LVU13
 120:../../CM4/Core/Src/stm32h7xx_it.c ****   {
 121:../../CM4/Core/Src/stm32h7xx_it.c ****     /* USER CODE BEGIN W1_BusFault_IRQn 0 */
 122:../../CM4/Core/Src/stm32h7xx_it.c ****     /* USER CODE END W1_BusFault_IRQn 0 */
 123:../../CM4/Core/Src/stm32h7xx_it.c ****   }
 106              		.loc 1 123 3 view .LVU14
 119:../../CM4/Core/Src/stm32h7xx_it.c ****   {
 107              		.loc 1 119 9 view .LVU15
 108 0000 FEE7     		b	.L8
ARM GAS  /tmp/ccYuFHfW.s 			page 5


 109              		.cfi_endproc
 110              	.LFE135:
 112              		.section	.text.UsageFault_Handler,"ax",%progbits
 113              		.align	1
 114              		.global	UsageFault_Handler
 115              		.syntax unified
 116              		.thumb
 117              		.thumb_func
 119              	UsageFault_Handler:
 120              	.LFB136:
 124:../../CM4/Core/Src/stm32h7xx_it.c **** }
 125:../../CM4/Core/Src/stm32h7xx_it.c **** 
 126:../../CM4/Core/Src/stm32h7xx_it.c **** /**
 127:../../CM4/Core/Src/stm32h7xx_it.c ****   * @brief This function handles Undefined instruction or illegal state.
 128:../../CM4/Core/Src/stm32h7xx_it.c ****   */
 129:../../CM4/Core/Src/stm32h7xx_it.c **** void UsageFault_Handler(void)
 130:../../CM4/Core/Src/stm32h7xx_it.c **** {
 121              		.loc 1 130 1 view -0
 122              		.cfi_startproc
 123              		@ Volatile: function does not return.
 124              		@ args = 0, pretend = 0, frame = 0
 125              		@ frame_needed = 0, uses_anonymous_args = 0
 126              		@ link register save eliminated.
 127              	.L10:
 131:../../CM4/Core/Src/stm32h7xx_it.c ****   /* USER CODE BEGIN UsageFault_IRQn 0 */
 132:../../CM4/Core/Src/stm32h7xx_it.c **** 
 133:../../CM4/Core/Src/stm32h7xx_it.c ****   /* USER CODE END UsageFault_IRQn 0 */
 134:../../CM4/Core/Src/stm32h7xx_it.c ****   while (1)
 128              		.loc 1 134 3 view .LVU17
 135:../../CM4/Core/Src/stm32h7xx_it.c ****   {
 136:../../CM4/Core/Src/stm32h7xx_it.c ****     /* USER CODE BEGIN W1_UsageFault_IRQn 0 */
 137:../../CM4/Core/Src/stm32h7xx_it.c ****     /* USER CODE END W1_UsageFault_IRQn 0 */
 138:../../CM4/Core/Src/stm32h7xx_it.c ****   }
 129              		.loc 1 138 3 view .LVU18
 134:../../CM4/Core/Src/stm32h7xx_it.c ****   {
 130              		.loc 1 134 9 view .LVU19
 131 0000 FEE7     		b	.L10
 132              		.cfi_endproc
 133              	.LFE136:
 135              		.section	.text.SVC_Handler,"ax",%progbits
 136              		.align	1
 137              		.global	SVC_Handler
 138              		.syntax unified
 139              		.thumb
 140              		.thumb_func
 142              	SVC_Handler:
 143              	.LFB137:
 139:../../CM4/Core/Src/stm32h7xx_it.c **** }
 140:../../CM4/Core/Src/stm32h7xx_it.c **** 
 141:../../CM4/Core/Src/stm32h7xx_it.c **** /**
 142:../../CM4/Core/Src/stm32h7xx_it.c ****   * @brief This function handles System service call via SWI instruction.
 143:../../CM4/Core/Src/stm32h7xx_it.c ****   */
 144:../../CM4/Core/Src/stm32h7xx_it.c **** void SVC_Handler(void)
 145:../../CM4/Core/Src/stm32h7xx_it.c **** {
 144              		.loc 1 145 1 view -0
 145              		.cfi_startproc
 146              		@ args = 0, pretend = 0, frame = 0
ARM GAS  /tmp/ccYuFHfW.s 			page 6


 147              		@ frame_needed = 0, uses_anonymous_args = 0
 148              		@ link register save eliminated.
 146:../../CM4/Core/Src/stm32h7xx_it.c ****   /* USER CODE BEGIN SVCall_IRQn 0 */
 147:../../CM4/Core/Src/stm32h7xx_it.c **** 
 148:../../CM4/Core/Src/stm32h7xx_it.c ****   /* USER CODE END SVCall_IRQn 0 */
 149:../../CM4/Core/Src/stm32h7xx_it.c ****   /* USER CODE BEGIN SVCall_IRQn 1 */
 150:../../CM4/Core/Src/stm32h7xx_it.c **** 
 151:../../CM4/Core/Src/stm32h7xx_it.c ****   /* USER CODE END SVCall_IRQn 1 */
 152:../../CM4/Core/Src/stm32h7xx_it.c **** }
 149              		.loc 1 152 1 view .LVU21
 150 0000 7047     		bx	lr
 151              		.cfi_endproc
 152              	.LFE137:
 154              		.section	.text.DebugMon_Handler,"ax",%progbits
 155              		.align	1
 156              		.global	DebugMon_Handler
 157              		.syntax unified
 158              		.thumb
 159              		.thumb_func
 161              	DebugMon_Handler:
 162              	.LFB138:
 153:../../CM4/Core/Src/stm32h7xx_it.c **** 
 154:../../CM4/Core/Src/stm32h7xx_it.c **** /**
 155:../../CM4/Core/Src/stm32h7xx_it.c ****   * @brief This function handles Debug monitor.
 156:../../CM4/Core/Src/stm32h7xx_it.c ****   */
 157:../../CM4/Core/Src/stm32h7xx_it.c **** void DebugMon_Handler(void)
 158:../../CM4/Core/Src/stm32h7xx_it.c **** {
 163              		.loc 1 158 1 view -0
 164              		.cfi_startproc
 165              		@ args = 0, pretend = 0, frame = 0
 166              		@ frame_needed = 0, uses_anonymous_args = 0
 167              		@ link register save eliminated.
 159:../../CM4/Core/Src/stm32h7xx_it.c ****   /* USER CODE BEGIN DebugMonitor_IRQn 0 */
 160:../../CM4/Core/Src/stm32h7xx_it.c **** 
 161:../../CM4/Core/Src/stm32h7xx_it.c ****   /* USER CODE END DebugMonitor_IRQn 0 */
 162:../../CM4/Core/Src/stm32h7xx_it.c ****   /* USER CODE BEGIN DebugMonitor_IRQn 1 */
 163:../../CM4/Core/Src/stm32h7xx_it.c **** 
 164:../../CM4/Core/Src/stm32h7xx_it.c ****   /* USER CODE END DebugMonitor_IRQn 1 */
 165:../../CM4/Core/Src/stm32h7xx_it.c **** }
 168              		.loc 1 165 1 view .LVU23
 169 0000 7047     		bx	lr
 170              		.cfi_endproc
 171              	.LFE138:
 173              		.section	.text.PendSV_Handler,"ax",%progbits
 174              		.align	1
 175              		.global	PendSV_Handler
 176              		.syntax unified
 177              		.thumb
 178              		.thumb_func
 180              	PendSV_Handler:
 181              	.LFB139:
 166:../../CM4/Core/Src/stm32h7xx_it.c **** 
 167:../../CM4/Core/Src/stm32h7xx_it.c **** /**
 168:../../CM4/Core/Src/stm32h7xx_it.c ****   * @brief This function handles Pendable request for system service.
 169:../../CM4/Core/Src/stm32h7xx_it.c ****   */
 170:../../CM4/Core/Src/stm32h7xx_it.c **** void PendSV_Handler(void)
 171:../../CM4/Core/Src/stm32h7xx_it.c **** {
ARM GAS  /tmp/ccYuFHfW.s 			page 7


 182              		.loc 1 171 1 view -0
 183              		.cfi_startproc
 184              		@ args = 0, pretend = 0, frame = 0
 185              		@ frame_needed = 0, uses_anonymous_args = 0
 186              		@ link register save eliminated.
 172:../../CM4/Core/Src/stm32h7xx_it.c ****   /* USER CODE BEGIN PendSV_IRQn 0 */
 173:../../CM4/Core/Src/stm32h7xx_it.c **** 
 174:../../CM4/Core/Src/stm32h7xx_it.c ****   /* USER CODE END PendSV_IRQn 0 */
 175:../../CM4/Core/Src/stm32h7xx_it.c ****   /* USER CODE BEGIN PendSV_IRQn 1 */
 176:../../CM4/Core/Src/stm32h7xx_it.c **** 
 177:../../CM4/Core/Src/stm32h7xx_it.c ****   /* USER CODE END PendSV_IRQn 1 */
 178:../../CM4/Core/Src/stm32h7xx_it.c **** }
 187              		.loc 1 178 1 view .LVU25
 188 0000 7047     		bx	lr
 189              		.cfi_endproc
 190              	.LFE139:
 192              		.section	.text.SysTick_Handler,"ax",%progbits
 193              		.align	1
 194              		.global	SysTick_Handler
 195              		.syntax unified
 196              		.thumb
 197              		.thumb_func
 199              	SysTick_Handler:
 200              	.LFB140:
 179:../../CM4/Core/Src/stm32h7xx_it.c **** 
 180:../../CM4/Core/Src/stm32h7xx_it.c **** /**
 181:../../CM4/Core/Src/stm32h7xx_it.c ****   * @brief This function handles System tick timer.
 182:../../CM4/Core/Src/stm32h7xx_it.c ****   */
 183:../../CM4/Core/Src/stm32h7xx_it.c **** void SysTick_Handler(void)
 184:../../CM4/Core/Src/stm32h7xx_it.c **** {
 201              		.loc 1 184 1 view -0
 202              		.cfi_startproc
 203              		@ args = 0, pretend = 0, frame = 0
 204              		@ frame_needed = 0, uses_anonymous_args = 0
 205 0000 08B5     		push	{r3, lr}
 206              	.LCFI0:
 207              		.cfi_def_cfa_offset 8
 208              		.cfi_offset 3, -8
 209              		.cfi_offset 14, -4
 185:../../CM4/Core/Src/stm32h7xx_it.c ****   /* USER CODE BEGIN SysTick_IRQn 0 */
 186:../../CM4/Core/Src/stm32h7xx_it.c **** 
 187:../../CM4/Core/Src/stm32h7xx_it.c ****   /* USER CODE END SysTick_IRQn 0 */
 188:../../CM4/Core/Src/stm32h7xx_it.c ****   HAL_IncTick();
 210              		.loc 1 188 3 view .LVU27
 211 0002 FFF7FEFF 		bl	HAL_IncTick
 212              	.LVL0:
 189:../../CM4/Core/Src/stm32h7xx_it.c ****   /* USER CODE BEGIN SysTick_IRQn 1 */
 190:../../CM4/Core/Src/stm32h7xx_it.c **** 
 191:../../CM4/Core/Src/stm32h7xx_it.c ****   /* USER CODE END SysTick_IRQn 1 */
 192:../../CM4/Core/Src/stm32h7xx_it.c **** }
 213              		.loc 1 192 1 is_stmt 0 view .LVU28
 214 0006 08BD     		pop	{r3, pc}
 215              		.cfi_endproc
 216              	.LFE140:
 218              		.text
 219              	.Letext0:
 220              		.file 2 "../../Drivers/STM32H7xx_HAL_Driver/Inc/stm32h7xx_hal.h"
ARM GAS  /tmp/ccYuFHfW.s 			page 8


ARM GAS  /tmp/ccYuFHfW.s 			page 9


DEFINED SYMBOLS
                            *ABS*:00000000 stm32h7xx_it.c
     /tmp/ccYuFHfW.s:21     .text.NMI_Handler:00000000 $t
     /tmp/ccYuFHfW.s:27     .text.NMI_Handler:00000000 NMI_Handler
     /tmp/ccYuFHfW.s:44     .text.HardFault_Handler:00000000 $t
     /tmp/ccYuFHfW.s:50     .text.HardFault_Handler:00000000 HardFault_Handler
     /tmp/ccYuFHfW.s:67     .text.MemManage_Handler:00000000 $t
     /tmp/ccYuFHfW.s:73     .text.MemManage_Handler:00000000 MemManage_Handler
     /tmp/ccYuFHfW.s:90     .text.BusFault_Handler:00000000 $t
     /tmp/ccYuFHfW.s:96     .text.BusFault_Handler:00000000 BusFault_Handler
     /tmp/ccYuFHfW.s:113    .text.UsageFault_Handler:00000000 $t
     /tmp/ccYuFHfW.s:119    .text.UsageFault_Handler:00000000 UsageFault_Handler
     /tmp/ccYuFHfW.s:136    .text.SVC_Handler:00000000 $t
     /tmp/ccYuFHfW.s:142    .text.SVC_Handler:00000000 SVC_Handler
     /tmp/ccYuFHfW.s:155    .text.DebugMon_Handler:00000000 $t
     /tmp/ccYuFHfW.s:161    .text.DebugMon_Handler:00000000 DebugMon_Handler
     /tmp/ccYuFHfW.s:174    .text.PendSV_Handler:00000000 $t
     /tmp/ccYuFHfW.s:180    .text.PendSV_Handler:00000000 PendSV_Handler
     /tmp/ccYuFHfW.s:193    .text.SysTick_Handler:00000000 $t
     /tmp/ccYuFHfW.s:199    .text.SysTick_Handler:00000000 SysTick_Handler

UNDEFINED SYMBOLS
HAL_IncTick
