ARM GAS  /tmp/cc0nRUVI.s 			page 1


   1              		.cpu cortex-m7
   2              		.arch armv7e-m
   3              		.fpu fpv4-sp-d16
   4              		.eabi_attribute 27, 1
   5              		.eabi_attribute 28, 1
   6              		.eabi_attribute 20, 1
   7              		.eabi_attribute 21, 1
   8              		.eabi_attribute 23, 3
   9              		.eabi_attribute 24, 1
  10              		.eabi_attribute 25, 1
  11              		.eabi_attribute 26, 1
  12              		.eabi_attribute 30, 1
  13              		.eabi_attribute 34, 1
  14              		.eabi_attribute 18, 4
  15              		.file	"stm32h7xx_hal_msp.c"
  16              		.text
  17              	.Ltext0:
  18              		.cfi_sections	.debug_frame
  19              		.file 1 "../../CM4/Core/Src/stm32h7xx_hal_msp.c"
  20              		.section	.text.HAL_MspInit,"ax",%progbits
  21              		.align	1
  22              		.global	HAL_MspInit
  23              		.syntax unified
  24              		.thumb
  25              		.thumb_func
  27              	HAL_MspInit:
  28              	.LFB132:
   1:../../CM4/Core/Src/stm32h7xx_hal_msp.c **** /* USER CODE BEGIN Header */
   2:../../CM4/Core/Src/stm32h7xx_hal_msp.c **** /**
   3:../../CM4/Core/Src/stm32h7xx_hal_msp.c ****   ******************************************************************************
   4:../../CM4/Core/Src/stm32h7xx_hal_msp.c ****   * @file         stm32h7xx_hal_msp.c
   5:../../CM4/Core/Src/stm32h7xx_hal_msp.c ****   * @brief        This file provides code for the MSP Initialization
   6:../../CM4/Core/Src/stm32h7xx_hal_msp.c ****   *               and de-Initialization codes.
   7:../../CM4/Core/Src/stm32h7xx_hal_msp.c ****   ******************************************************************************
   8:../../CM4/Core/Src/stm32h7xx_hal_msp.c ****   * @attention
   9:../../CM4/Core/Src/stm32h7xx_hal_msp.c ****   *
  10:../../CM4/Core/Src/stm32h7xx_hal_msp.c ****   * Copyright (c) 2023 STMicroelectronics.
  11:../../CM4/Core/Src/stm32h7xx_hal_msp.c ****   * All rights reserved.
  12:../../CM4/Core/Src/stm32h7xx_hal_msp.c ****   *
  13:../../CM4/Core/Src/stm32h7xx_hal_msp.c ****   * This software is licensed under terms that can be found in the LICENSE file
  14:../../CM4/Core/Src/stm32h7xx_hal_msp.c ****   * in the root directory of this software component.
  15:../../CM4/Core/Src/stm32h7xx_hal_msp.c ****   * If no LICENSE file comes with this software, it is provided AS-IS.
  16:../../CM4/Core/Src/stm32h7xx_hal_msp.c ****   *
  17:../../CM4/Core/Src/stm32h7xx_hal_msp.c ****   ******************************************************************************
  18:../../CM4/Core/Src/stm32h7xx_hal_msp.c ****   */
  19:../../CM4/Core/Src/stm32h7xx_hal_msp.c **** /* USER CODE END Header */
  20:../../CM4/Core/Src/stm32h7xx_hal_msp.c **** 
  21:../../CM4/Core/Src/stm32h7xx_hal_msp.c **** /* Includes ------------------------------------------------------------------*/
  22:../../CM4/Core/Src/stm32h7xx_hal_msp.c **** #include "main.h"
  23:../../CM4/Core/Src/stm32h7xx_hal_msp.c **** 
  24:../../CM4/Core/Src/stm32h7xx_hal_msp.c **** /* USER CODE BEGIN Includes */
  25:../../CM4/Core/Src/stm32h7xx_hal_msp.c **** 
  26:../../CM4/Core/Src/stm32h7xx_hal_msp.c **** /* USER CODE END Includes */
  27:../../CM4/Core/Src/stm32h7xx_hal_msp.c **** 
  28:../../CM4/Core/Src/stm32h7xx_hal_msp.c **** /* Private typedef -----------------------------------------------------------*/
  29:../../CM4/Core/Src/stm32h7xx_hal_msp.c **** /* USER CODE BEGIN TD */
  30:../../CM4/Core/Src/stm32h7xx_hal_msp.c **** 
ARM GAS  /tmp/cc0nRUVI.s 			page 2


  31:../../CM4/Core/Src/stm32h7xx_hal_msp.c **** /* USER CODE END TD */
  32:../../CM4/Core/Src/stm32h7xx_hal_msp.c **** 
  33:../../CM4/Core/Src/stm32h7xx_hal_msp.c **** /* Private define ------------------------------------------------------------*/
  34:../../CM4/Core/Src/stm32h7xx_hal_msp.c **** /* USER CODE BEGIN Define */
  35:../../CM4/Core/Src/stm32h7xx_hal_msp.c **** 
  36:../../CM4/Core/Src/stm32h7xx_hal_msp.c **** /* USER CODE END Define */
  37:../../CM4/Core/Src/stm32h7xx_hal_msp.c **** 
  38:../../CM4/Core/Src/stm32h7xx_hal_msp.c **** /* Private macro -------------------------------------------------------------*/
  39:../../CM4/Core/Src/stm32h7xx_hal_msp.c **** /* USER CODE BEGIN Macro */
  40:../../CM4/Core/Src/stm32h7xx_hal_msp.c **** 
  41:../../CM4/Core/Src/stm32h7xx_hal_msp.c **** /* USER CODE END Macro */
  42:../../CM4/Core/Src/stm32h7xx_hal_msp.c **** 
  43:../../CM4/Core/Src/stm32h7xx_hal_msp.c **** /* Private variables ---------------------------------------------------------*/
  44:../../CM4/Core/Src/stm32h7xx_hal_msp.c **** /* USER CODE BEGIN PV */
  45:../../CM4/Core/Src/stm32h7xx_hal_msp.c **** 
  46:../../CM4/Core/Src/stm32h7xx_hal_msp.c **** /* USER CODE END PV */
  47:../../CM4/Core/Src/stm32h7xx_hal_msp.c **** 
  48:../../CM4/Core/Src/stm32h7xx_hal_msp.c **** /* Private function prototypes -----------------------------------------------*/
  49:../../CM4/Core/Src/stm32h7xx_hal_msp.c **** /* USER CODE BEGIN PFP */
  50:../../CM4/Core/Src/stm32h7xx_hal_msp.c **** 
  51:../../CM4/Core/Src/stm32h7xx_hal_msp.c **** /* USER CODE END PFP */
  52:../../CM4/Core/Src/stm32h7xx_hal_msp.c **** 
  53:../../CM4/Core/Src/stm32h7xx_hal_msp.c **** /* External functions --------------------------------------------------------*/
  54:../../CM4/Core/Src/stm32h7xx_hal_msp.c **** /* USER CODE BEGIN ExternalFunctions */
  55:../../CM4/Core/Src/stm32h7xx_hal_msp.c **** 
  56:../../CM4/Core/Src/stm32h7xx_hal_msp.c **** /* USER CODE END ExternalFunctions */
  57:../../CM4/Core/Src/stm32h7xx_hal_msp.c **** 
  58:../../CM4/Core/Src/stm32h7xx_hal_msp.c **** /* USER CODE BEGIN 0 */
  59:../../CM4/Core/Src/stm32h7xx_hal_msp.c **** 
  60:../../CM4/Core/Src/stm32h7xx_hal_msp.c **** /* USER CODE END 0 */
  61:../../CM4/Core/Src/stm32h7xx_hal_msp.c **** /**
  62:../../CM4/Core/Src/stm32h7xx_hal_msp.c ****   * Initializes the Global MSP.
  63:../../CM4/Core/Src/stm32h7xx_hal_msp.c ****   */
  64:../../CM4/Core/Src/stm32h7xx_hal_msp.c **** void HAL_MspInit(void)
  65:../../CM4/Core/Src/stm32h7xx_hal_msp.c **** {
  29              		.loc 1 65 1 view -0
  30              		.cfi_startproc
  31              		@ args = 0, pretend = 0, frame = 8
  32              		@ frame_needed = 0, uses_anonymous_args = 0
  33              		@ link register save eliminated.
  34 0000 82B0     		sub	sp, sp, #8
  35              	.LCFI0:
  36              		.cfi_def_cfa_offset 8
  66:../../CM4/Core/Src/stm32h7xx_hal_msp.c ****   /* USER CODE BEGIN MspInit 0 */
  67:../../CM4/Core/Src/stm32h7xx_hal_msp.c **** 
  68:../../CM4/Core/Src/stm32h7xx_hal_msp.c ****   /* USER CODE END MspInit 0 */
  69:../../CM4/Core/Src/stm32h7xx_hal_msp.c **** 
  70:../../CM4/Core/Src/stm32h7xx_hal_msp.c ****   __HAL_RCC_SYSCFG_CLK_ENABLE();
  37              		.loc 1 70 3 view .LVU1
  38              	.LBB2:
  39              		.loc 1 70 3 view .LVU2
  40              		.loc 1 70 3 view .LVU3
  41 0002 074B     		ldr	r3, .L3
  42 0004 D3F8F420 		ldr	r2, [r3, #244]
  43 0008 42F00202 		orr	r2, r2, #2
  44 000c C3F8F420 		str	r2, [r3, #244]
  45              		.loc 1 70 3 view .LVU4
ARM GAS  /tmp/cc0nRUVI.s 			page 3


  46 0010 D3F8F430 		ldr	r3, [r3, #244]
  47 0014 03F00203 		and	r3, r3, #2
  48 0018 0193     		str	r3, [sp, #4]
  49              		.loc 1 70 3 view .LVU5
  50 001a 019B     		ldr	r3, [sp, #4]
  51              	.LBE2:
  52              		.loc 1 70 3 view .LVU6
  71:../../CM4/Core/Src/stm32h7xx_hal_msp.c **** 
  72:../../CM4/Core/Src/stm32h7xx_hal_msp.c ****   /* System interrupt init*/
  73:../../CM4/Core/Src/stm32h7xx_hal_msp.c **** 
  74:../../CM4/Core/Src/stm32h7xx_hal_msp.c ****   /* USER CODE BEGIN MspInit 1 */
  75:../../CM4/Core/Src/stm32h7xx_hal_msp.c **** 
  76:../../CM4/Core/Src/stm32h7xx_hal_msp.c ****   /* USER CODE END MspInit 1 */
  77:../../CM4/Core/Src/stm32h7xx_hal_msp.c **** }
  53              		.loc 1 77 1 is_stmt 0 view .LVU7
  54 001c 02B0     		add	sp, sp, #8
  55              	.LCFI1:
  56              		.cfi_def_cfa_offset 0
  57              		@ sp needed
  58 001e 7047     		bx	lr
  59              	.L4:
  60              		.align	2
  61              	.L3:
  62 0020 00440258 		.word	1476543488
  63              		.cfi_endproc
  64              	.LFE132:
  66              		.text
  67              	.Letext0:
  68              		.file 2 "/usr/arm-none-eabi/include/machine/_default_types.h"
  69              		.file 3 "/usr/arm-none-eabi/include/sys/_stdint.h"
  70              		.file 4 "../../Drivers/CMSIS/Device/ST/STM32H7xx/Include/stm32h755xx.h"
ARM GAS  /tmp/cc0nRUVI.s 			page 4


DEFINED SYMBOLS
                            *ABS*:00000000 stm32h7xx_hal_msp.c
     /tmp/cc0nRUVI.s:21     .text.HAL_MspInit:00000000 $t
     /tmp/cc0nRUVI.s:27     .text.HAL_MspInit:00000000 HAL_MspInit
     /tmp/cc0nRUVI.s:62     .text.HAL_MspInit:00000020 $d

NO UNDEFINED SYMBOLS
